build/app/outputs/mapping/release/usage.txt
com.google.common.hash.HashCode$IntHashCode
com.google.common.graph.MultiEdgesConnecting
kotlin.coroutines.experimental.intrinsics.IntrinsicsKt__IntrinsicsKt
kotlin.coroutines.intrinsics.IntrinsicsKt__IntrinsicsJvmKt$createCoroutineUnintercepted$$inlined$createCoroutineFromSuspendFunction$IntrinsicsKt__IntrinsicsJvmKt$4
android.support.v4.app.INotificationSideChannel$Stub
androidx.core.app.JobIntentService$JobServiceEngineImpl
kotlin.jvm.internal.Ref$ByteRef
com.google.common.hash.Hashing$Md5Holder
androidx.core.app.BundleCompat
kotlin.text.StringsKt__StringBuilderKt
com.google.common.graph.ImmutableNetwork
com.google.common.hash.AbstractNonStreamingHashFunction$BufferingHasher
androidx.core.app.NavUtils
androidx.loader.content.CursorLoader
com.google.common.collect.Multisets$DecreasingCount
androidx.core.graphics.ColorUtils
com.google.common.collect.Maps$2
com.google.common.base.Joiner$2
androidx.core.content.res.ResourcesCompat
io.flutter.view.FlutterView$1
com.google.common.util.concurrent.CycleDetectingLockFactory$ExampleStackTrace
com.google.common.collect.SortedMultisets
org.jetbrains.annotations.Contract
com.google.common.collect.UnmodifiableSortedMultiset
com.google.common.cache.LocalCache$Strength
com.google.common.collect.Maps$SortedKeySet
androidx.fragment.app.FragmentTransitionImpl
com.google.common.collect.Multisets$AbstractEntry
androidx.core.view.ViewCompat$3
androidx.arch.core.executor.TaskExecutor
androidx.core.net.DatagramSocketWrapper$DatagramSocketImplWrapper
androidx.core.graphics.PathSegment
com.google.common.io.ByteArrayDataOutput
com.google.common.collect.AbstractMapBasedMultiset$1
com.google.common.net.MediaType$2
kotlin.UnsignedKt
com.google.common.base.VerifyException
com.google.common.collect.Maps$FilteredEntryMap$EntrySet
androidx.core.graphics.drawable.RoundedBitmapDrawable
com.google.common.collect.Synchronized$SynchronizedDeque
kotlin.SafePublicationLazyImpl
kotlin.time.DurationUnitKt__DurationUnitJvmKt
com.google.common.collect.Count
com.google.common.io.ByteProcessor
kotlin.coroutines.jvm.internal.RestrictedSuspendLambda
kotlin.text.StringsKt__RegexExtensionsJVMKt
com.google.common.collect.Tables$TransposeTable
com.google.common.collect.Maps$UnmodifiableEntrySet
com.google.common.collect.Lists$AbstractListWrapper
com.google.common.collect.FilteredEntryMultimap$AsMap$1EntrySetImpl
com.google.common.util.concurrent.CycleDetectingLockFactory$WithExplicitOrdering
androidx.core.database.sqlite.SQLiteCursorCompat
kotlin.coroutines.experimental.CoroutineContext
org.checkerframework.checker.nullness.compatqual.KeyForType
com.google.common.collect.AbstractMultiset$EntrySet
androidx.fragment.app.ListFragment$2
kotlin.jvm.internal.markers.KMappedMarker
com.google.common.util.concurrent.ImmediateFuture$ImmediateCancelledFuture
io.flutter.embedding.android.FlutterView$RenderMode
kotlin.collections.ReversedList
com.google.common.collect.Lists$ReverseList$1
androidx.core.view.ViewPropertyAnimatorListener
kotlin.ranges.LongProgression
io.flutter.embedding.engine.loader.FlutterLoader$2
com.google.common.base.Suppliers$ThreadSafeSupplier
androidx.core.net.TrafficStatsCompat
com.google.common.base.AbstractIterator$1
io.flutter.embedding.android.AndroidTouchProcessor$PointerSignalKind
com.google.common.hash.LittleEndianByteArray$UnsafeByteArray$1
com.google.common.collect.Tables$UnmodifiableTable
kotlin.ranges.LongRange$Companion
androidx.core.view.ViewCompat$AccessibilityViewProperty
kotlin.ranges.IntProgression$Companion
io.flutter.plugins.pathprovider.R$integer
kotlin.text.StringsKt
kotlin.text.StringsKt___StringsKt$withIndex$1
com.google.common.util.concurrent.SequentialExecutor$1
androidx.activity.ImmLeaksCleaner:
    void <init>(android.app.Activity)
    private static final int NOT_INITIALIAZED
    private static final int INIT_SUCCESS
    private static final int INIT_FAILED
com.google.common.collect.SortedIterable
androidx.core.app.NotificationCompat$Action$Extender